<?xml version="1.0" ?>
<testsuite errors="0" failures="0" name="file_properties.file_properties-20161021132108" tests="5" time="38.177">
	<testcase classname="file_properties.file_properties" name="test_1_login" time="5.652"/>
	<testcase classname="file_properties.file_properties" name="test_2_create_file" time="5.374"/>
	<testcase classname="file_properties.file_properties" name="test_3_edit_properties" time="17.476"/>
	<testcase classname="file_properties.file_properties" name="test_4_edit_description" time="4.404"/>
	<testcase classname="file_properties.file_properties" name="test_8_delete_file" time="5.272"/>
	<system-out>
<![CDATA[MThfMTgyOF9aU1J5MA
Allison
Alexis
Daniels-Wells
October2016
September2016
August2016
July2016
June2016
October2016
September2016
August2016
July2016
June2016
]]>	</system-out>
	<system-err>
<![CDATA[]]>	</system-err>
</testsuite>
