<?xml version="1.0" ?>
<testsuite errors="0" failures="0" name="open_folder.open_folder-20161021132108" tests="1" time="57.634">
	<testcase classname="open_folder.open_folder" name="test_open_folder" time="57.634"/>
	<system-out>
<![CDATA[MThfMTgyOF9aU1J5MA
Allison
Alexis
Daniels-Wells
October2016
September2016
August2016
July2016
June2016
October2016
September2016
August2016
July2016
June2016
]]>	</system-out>
	<system-err>
<![CDATA[]]>	</system-err>
</testsuite>
