<?xml version="1.0" ?>
<testsuite errors="0" failures="0" name="settings_2.settings_change_2-20161021132108" tests="7" time="61.545">
	<testcase classname="settings_2.settings_change_2" name="test_1_login" time="8.816"/>
	<testcase classname="settings_2.settings_change_2" name="test_3_go_to_activity_page" time="4.040"/>
	<testcase classname="settings_2.settings_change_2" name="test_4_logs_check" time="11.967"/>
	<testcase classname="settings_2.settings_change_2" name="test_5_upgrade_page" time="9.148"/>
	<testcase classname="settings_2.settings_change_2" name="test_6_pormocode_percent" time="8.996"/>
	<testcase classname="settings_2.settings_change_2" name="test_7_payment_methods_page" time="3.698"/>
	<testcase classname="settings_2.settings_change_2" name="test_8_promocode_dollar" time="14.880"/>
	<system-out>
<![CDATA[MThfMTgyOF9aU1J5MA
Allison
Alexis
Daniels-Wells
October2016
September2016
August2016
July2016
June2016
October2016
September2016
August2016
July2016
June2016
]]>	</system-out>
	<system-err>
<![CDATA[]]>	</system-err>
</testsuite>
