<?xml version="1.0" ?>
<testsuite errors="0" failures="0" name="task_create_delete.task_create_delete-20161021132108" tests="4" time="55.379">
	<testcase classname="task_create_delete.task_create_delete" name="test_1_login" time="10.347"/>
	<testcase classname="task_create_delete.task_create_delete" name="test_2_task_create_project" time="11.239"/>
	<testcase classname="task_create_delete.task_create_delete" name="test_3_create_tasks" time="12.081"/>
	<testcase classname="task_create_delete.task_create_delete" name="test_4_delete_projectlists" time="21.712"/>
	<system-out>
<![CDATA[MThfMTgyOF9aU1J5MA
Allison
Alexis
Daniels-Wells
October2016
September2016
August2016
July2016
June2016
October2016
September2016
August2016
July2016
June2016
]]>	</system-out>
	<system-err>
<![CDATA[]]>	</system-err>
</testsuite>
