<?xml version="1.0" ?>
<testsuite errors="0" failures="0" name="create_note.create_note-20161021132108" tests="2" time="36.271">
	<testcase classname="create_note.create_note" name="test_1_login" time="9.656"/>
	<testcase classname="create_note.create_note" name="test_2_create_notepad" time="26.615"/>
	<system-out>
<![CDATA[MThfMTgyOF9aU1J5MA
Allison
Alexis
Daniels-Wells
October2016
September2016
August2016
July2016
June2016
October2016
September2016
August2016
July2016
June2016
]]>	</system-out>
	<system-err>
<![CDATA[]]>	</system-err>
</testsuite>
