<?xml version="1.0" ?>
<testsuite errors="0" failures="0" name="open_folder.open_folder-20161021134444" tests="1" time="58.360">
	<testcase classname="open_folder.open_folder" name="test_open_folder" time="58.360"/>
	<system-out>
<![CDATA[MThfMTgzM19QR0FzSw
Erica
Juan
Williams PLC
October2016
September2016
August2016
July2016
June2016
October2016
September2016
August2016
July2016
June2016
]]>	</system-out>
	<system-err>
<![CDATA[]]>	</system-err>
</testsuite>
