<?xml version="1.0" ?>
<testsuite errors="0" failures="0" name="delete_folder.delete_folder-20161021134444" tests="1" time="36.735">
	<testcase classname="delete_folder.delete_folder" name="test_delete_folder" time="36.735"/>
	<system-out>
<![CDATA[MThfMTgzM19QR0FzSw
Erica
Juan
Williams PLC
October2016
September2016
August2016
July2016
June2016
October2016
September2016
August2016
July2016
June2016
]]>	</system-out>
	<system-err>
<![CDATA[]]>	</system-err>
</testsuite>
